(52917L, '/home/wwwroot/show_caller_audio_2017/20180320/65/906/96427422355_4d3130a324b90d99.amr', 964L, '96427422355', 12025L, 'a2f8e4a904378d3b6248fcd124a7967f')
{
    "streams": [
        {
            "index": 0,
            "codec_name": "amrnb",
            "codec_long_name": "AMR-NB (Adaptive Multi-Rate NarrowBand)",
            "codec_type": "audio",
            "codec_time_base": "1/8000",
            "codec_tag_string": "samr",
            "codec_tag": "0x726d6173",
            "sample_fmt": "flt",
            "sample_rate": "8000",
            "channels": 1,
            "channel_layout": "mono",
            "bits_per_sample": 0,
            "r_frame_rate": "0/0",
            "avg_frame_rate": "0/0",
            "time_base": "1/8000",
            "start_pts": 0,
            "start_time": "0.000000",
            "duration_ts": 56960,
            "duration": "7.120000",
            "bit_rate": "12800",
            "nb_frames": "356",
            "disposition": {
                "default": 1,
                "dub": 0,
                "original": 0,
                "comment": 0,
                "lyrics": 0,
                "karaoke": 0,
                "forced": 0,
                "hearing_impaired": 0,
                "visual_impaired": 0,
                "clean_effects": 0,
                "attached_pic": 0
            },
            "tags": {
                "creation_time": "2018-03-07 10:57:56",
                "language": "eng",
                "handler_name": "SoundHandle"
            }
        }
    ],
    "format": {
        "filename": "/home/wwwroot/show_caller_audio_2017/20180320/65/906/96427422355_4d3130a324b90d99.amr",
        "nb_streams": 1,
        "nb_programs": 0,
        "format_name": "mov,mp4,m4a,3gp,3g2,mj2",
        "format_long_name": "QuickTime / MOV",
        "start_time": "0.000000",
        "duration": "7.120000",
        "size": "12032",
        "bit_rate": "13519",
        "probe_score": 100,
        "tags": {
            "major_brand": "3gp4",
            "minor_version": "0",
            "compatible_brands": "isom3gp4",
            "creation_time": "2018-03-07 10:57:56"
        }
    }
}

1
7
duration   7
Audio duration is  7
Speech_status update success!
{'tel_number': '96427422355', 'cc': 964L, 'file_name': 'a2f8e4a904378d3b6248fcd124a7967f', 'save_path': '/home/wwwroot/show_caller_audio_2017/20180320/65/906/96427422355_4d3130a324b90d99.amr', 'duration': 7, 'id': 52917L, 'size': 12025L}
/home/wwwroot/show_caller_audio_2017/20180320/65/906/96427422355_4d3130a324b90d99.mp3
Subprocess excute sucessed! 
Temp_file make sucessed!
2018-03-20 11:16:16+0800 [-] Log opened.
2018-03-20 11:16:17+0800 [-] qG9aiN8YcpimhDzsR3CE%2Fa%2Bmskvyj%2FHDI7yKYZUv71Y9vA9kt78Cs31GPZw3F%2BsFErzyQEbvQ0Coml1XUJv2Ni5Di5o%2Ft9AjkJkqk0nBfNA7pj0htSBBQZAd8ba2yMe%2BOIQ4gYufZLf%2BfwIUxrNchZcxW5Mwl%2B6oHpV1Ixd9FA7OJnk6eellS8rAb7kplYKF5kt%2B%2FFsv2lv8OYj0vx52rwS1CJtfrbcGFqaFvINwVfQQaB%2BIjo1vBto4HUngIVASSJuitxjbifJ%2Bn5%2Bwt9cK044mwjaWlPx4UAkOknDyKD77XMyBkz3wZsBPJqyZZrAr%2BRbQQvqhsICuE0yqV50hXxOrt1GpGm%2FUk%2FSj3kDzqqJJyDNGx0ZLknowpoOoTECkmFaUtwnkhm5PyuW0UFJffOm9SbLx6hyvrj4NQQYkyfMHwYSRuv0zNEuWlcoVoKKsagAiWoL7VEv5XHFnYbRtkTT6069SMSVp0aYp42yJhykfIOYii1a6npvmO37oSZoOSKmwdnV9WILle5e4AZXBLMNgKFeY6BleYL%2FcVfOJ3PvHZJQQ1nMcAfthaWNQ5qQwK6WS5mcIgB7XXtjNb3yoSAlCCZL%2FdioL1VsUlYNsPmgjBdBO2%2FTsBo%2FXkVClF%2F9Eb%2F8GAvz2vVoFavUbRD4Yg199Zc2Fn95ONTHrM4gyyCdXFkWB0OOvnSMdyJOqoHzvo3MuEXVELjhBhNisC%2FYSo008I3cPom1EKLXhWyIUzkz%2F906Oaf3F%2BG5keqTl8VRnU%2F1UrKioKhc8hiex5bGii5NlOh6x%2Fz%2Btg2Yr277RMbctsE5T7395sem8Eql0Cq1PZ7JRGDPmllb7C%2Fg2gXQsYgnu9zWuLM%2BF0ovYilId6YZNFV7BURc8YI%2FrcWHDF26PfPcHCFLDSXGlSKFeqtFSWppni3ymr8FDATZk4apD9QvM0ekxCz1P%2F7faxwP02NKrOBI6Dhs9B63Ahx97PhadMxKECAKrtKz0C22%2Fv0x9swJVWJEvrKe5pGIUs3uidcwzTWpJGV9rZeA%3D
2018-03-20 11:16:17+0800 [-] Starting factory <__main__.WSInterfaceFactory object at 0x7fd7f62c8790>
2018-03-20 11:16:17+0800 [-] contentType: audio/mp3 queueSize: 0
2018-03-20 11:16:17+0800 [-] onConnect, server connected: tcp4:23.38.15.73:443
2018-03-20 11:16:17+0800 [-] onOpen
2018-03-20 11:16:17+0800 [-] sendMessage(init)
2018-03-20 11:16:17+0800 [-] /home/wwwroot/show_caller_audio_2017/20180320/65/906/96427422355_4d3130a324b90d99.mp3
2018-03-20 11:16:17+0800 [-] onOpen ends
2018-03-20 11:16:17+0800 [-] Text message received: {
2018-03-20 11:16:17+0800 [-]    "state": "listening"
2018-03-20 11:16:17+0800 [-] }
2018-03-20 11:16:18+0800 [-] Text message received: {
2018-03-20 11:16:18+0800 [-]    "results": [
2018-03-20 11:16:18+0800 [-]       {
2018-03-20 11:16:18+0800 [-]          "alternatives": [
2018-03-20 11:16:18+0800 [-]             {
2018-03-20 11:16:18+0800 [-]                "timestamps": [
2018-03-20 11:16:18+0800 [-]                   [
2018-03-20 11:16:18+0800 [-]                      "الرقم", 
2018-03-20 11:16:18+0800 [-]                      1.45, 
2018-03-20 11:16:18+0800 [-]                      1.84
2018-03-20 11:16:18+0800 [-]                   ]
2018-03-20 11:16:18+0800 [-]                ], 
2018-03-20 11:16:18+0800 [-]                "transcript": "الرقم "
2018-03-20 11:16:18+0800 [-]             }
2018-03-20 11:16:18+0800 [-]          ], 
2018-03-20 11:16:18+0800 [-]          "final": false
2018-03-20 11:16:18+0800 [-]       }
2018-03-20 11:16:18+0800 [-]    ], 
2018-03-20 11:16:18+0800 [-]    "result_index": 0, 
2018-03-20 11:16:18+0800 [-]    "warnings": [
2018-03-20 11:16:18+0800 [-]       "Unknown arguments: continuous."
2018-03-20 11:16:18+0800 [-]    ]
2018-03-20 11:16:18+0800 [-] }
2018-03-20 11:16:18+0800 [-] interim hyp: "الرقم "
2018-03-20 11:16:18+0800 [-] Text message received: {
2018-03-20 11:16:18+0800 [-]    "results": [
2018-03-20 11:16:18+0800 [-]       {
2018-03-20 11:16:18+0800 [-]          "alternatives": [
2018-03-20 11:16:18+0800 [-]             {
2018-03-20 11:16:18+0800 [-]                "timestamps": [
2018-03-20 11:16:18+0800 [-]                   [
2018-03-20 11:16:18+0800 [-]                      "الرقم", 
2018-03-20 11:16:18+0800 [-]                      1.45, 
2018-03-20 11:16:18+0800 [-]                      1.88
2018-03-20 11:16:18+0800 [-]                   ], 
2018-03-20 11:16:18+0800 [-]                   [
2018-03-20 11:16:18+0800 [-]                      "غير", 
2018-03-20 11:16:18+0800 [-]                      1.88, 
2018-03-20 11:16:18+0800 [-]                      2.08
2018-03-20 11:16:18+0800 [-]                   ]
2018-03-20 11:16:18+0800 [-]                ], 
2018-03-20 11:16:18+0800 [-]                "transcript": "الرقم غير "
2018-03-20 11:16:18+0800 [-]             }
2018-03-20 11:16:18+0800 [-]          ], 
2018-03-20 11:16:18+0800 [-]          "final": false
2018-03-20 11:16:18+0800 [-]       }
2018-03-20 11:16:18+0800 [-]    ], 
2018-03-20 11:16:18+0800 [-]    "result_index": 0
2018-03-20 11:16:18+0800 [-] }
2018-03-20 11:16:18+0800 [-] interim hyp: "الرقم غير "
2018-03-20 11:16:19+0800 [-] Text message received: {
2018-03-20 11:16:19+0800 [-]    "results": [
2018-03-20 11:16:19+0800 [-]       {
2018-03-20 11:16:19+0800 [-]          "alternatives": [
2018-03-20 11:16:19+0800 [-]             {
2018-03-20 11:16:19+0800 [-]                "timestamps": [
2018-03-20 11:16:19+0800 [-]                   [
2018-03-20 11:16:19+0800 [-]                      "الرقم", 
2018-03-20 11:16:19+0800 [-]                      1.45, 
2018-03-20 11:16:19+0800 [-]                      1.88
2018-03-20 11:16:19+0800 [-]                   ], 
2018-03-20 11:16:19+0800 [-]                   [
2018-03-20 11:16:19+0800 [-]                      "غير", 
2018-03-20 11:16:19+0800 [-]                      1.88, 
2018-03-20 11:16:19+0800 [-]                      2.15
2018-03-20 11:16:19+0800 [-]                   ], 
2018-03-20 11:16:19+0800 [-]                   [
2018-03-20 11:16:19+0800 [-]                      "معه", 
2018-03-20 11:16:19+0800 [-]                      2.15, 
2018-03-20 11:16:19+0800 [-]                      2.34
2018-03-20 11:16:19+0800 [-]                   ]
2018-03-20 11:16:19+0800 [-]                ], 
2018-03-20 11:16:19+0800 [-]                "transcript": "الرقم غير معه "
2018-03-20 11:16:19+0800 [-]             }
2018-03-20 11:16:19+0800 [-]          ], 
2018-03-20 11:16:19+0800 [-]          "final": false
2018-03-20 11:16:19+0800 [-]       }
2018-03-20 11:16:19+0800 [-]    ], 
2018-03-20 11:16:19+0800 [-]    "result_index": 0
2018-03-20 11:16:19+0800 [-] }
2018-03-20 11:16:19+0800 [-] interim hyp: "الرقم غير معه "
2018-03-20 11:16:19+0800 [-] Text message received: {
2018-03-20 11:16:19+0800 [-]    "results": [
2018-03-20 11:16:19+0800 [-]       {
2018-03-20 11:16:19+0800 [-]          "alternatives": [
2018-03-20 11:16:19+0800 [-]             {
2018-03-20 11:16:19+0800 [-]                "timestamps": [
2018-03-20 11:16:19+0800 [-]                   [
2018-03-20 11:16:19+0800 [-]                      "الرقم", 
2018-03-20 11:16:19+0800 [-]                      1.45, 
2018-03-20 11:16:19+0800 [-]                      1.88
2018-03-20 11:16:19+0800 [-]                   ], 
2018-03-20 11:16:19+0800 [-]                   [
2018-03-20 11:16:19+0800 [-]                      "غير", 
2018-03-20 11:16:19+0800 [-]                      1.88, 
2018-03-20 11:16:19+0800 [-]                      2.15
2018-03-20 11:16:19+0800 [-]                   ], 
2018-03-20 11:16:19+0800 [-]                   [
2018-03-20 11:16:19+0800 [-]                      "معروف", 
2018-03-20 11:16:19+0800 [-]                      2.15, 
2018-03-20 11:16:19+0800 [-]                      2.58
2018-03-20 11:16:19+0800 [-]                   ]
2018-03-20 11:16:19+0800 [-]                ], 
2018-03-20 11:16:19+0800 [-]                "transcript": "الرقم غير معروف "
2018-03-20 11:16:19+0800 [-]             }
2018-03-20 11:16:19+0800 [-]          ], 
2018-03-20 11:16:19+0800 [-]          "final": false
2018-03-20 11:16:19+0800 [-]       }
2018-03-20 11:16:19+0800 [-]    ], 
2018-03-20 11:16:19+0800 [-]    "result_index": 0
2018-03-20 11:16:19+0800 [-] }
2018-03-20 11:16:19+0800 [-] interim hyp: "الرقم غير معروف "
2018-03-20 11:16:19+0800 [-] Text message received: {
2018-03-20 11:16:19+0800 [-]    "results": [
2018-03-20 11:16:19+0800 [-]       {
2018-03-20 11:16:19+0800 [-]          "alternatives": [
2018-03-20 11:16:19+0800 [-]             {
2018-03-20 11:16:19+0800 [-]                "timestamps": [
2018-03-20 11:16:19+0800 [-]                   [
2018-03-20 11:16:19+0800 [-]                      "الرقم", 
2018-03-20 11:16:19+0800 [-]                      1.45, 
2018-03-20 11:16:19+0800 [-]                      1.88
2018-03-20 11:16:19+0800 [-]                   ], 
2018-03-20 11:16:19+0800 [-]                   [
2018-03-20 11:16:19+0800 [-]                      "غير", 
2018-03-20 11:16:19+0800 [-]                      1.88, 
2018-03-20 11:16:19+0800 [-]                      2.15
2018-03-20 11:16:19+0800 [-]                   ], 
2018-03-20 11:16:19+0800 [-]                   [
2018-03-20 11:16:19+0800 [-]                      "معروف", 
2018-03-20 11:16:19+0800 [-]                      2.15, 
2018-03-20 11:16:19+0800 [-]                      2.66
2018-03-20 11:16:19+0800 [-]                   ]
2018-03-20 11:16:19+0800 [-]                ], 
2018-03-20 11:16:19+0800 [-]                "transcript": "الرقم غير معروف "
2018-03-20 11:16:19+0800 [-]             }
2018-03-20 11:16:19+0800 [-]          ], 
2018-03-20 11:16:19+0800 [-]          "final": false
2018-03-20 11:16:19+0800 [-]       }
2018-03-20 11:16:19+0800 [-]    ], 
2018-03-20 11:16:19+0800 [-]    "result_index": 0
2018-03-20 11:16:19+0800 [-] }
2018-03-20 11:16:19+0800 [-] interim hyp: "الرقم غير معروف "
2018-03-20 11:16:19+0800 [-] Text message received: {
2018-03-20 11:16:19+0800 [-]    "results": [
2018-03-20 11:16:19+0800 [-]       {
2018-03-20 11:16:19+0800 [-]          "alternatives": [
2018-03-20 11:16:19+0800 [-]             {
2018-03-20 11:16:19+0800 [-]                "transcript": "الرقم غير معروف ", 
2018-03-20 11:16:19+0800 [-]                "confidence": 0.568, 
2018-03-20 11:16:19+0800 [-]                "word_confidence": [
2018-03-20 11:16:19+0800 [-]                   [
2018-03-20 11:16:19+0800 [-]                      "الرقم", 
2018-03-20 11:16:19+0800 [-]                      0.412
2018-03-20 11:16:19+0800 [-]                   ], 
2018-03-20 11:16:19+0800 [-]                   [
2018-03-20 11:16:19+0800 [-]                      "غير", 
2018-03-20 11:16:19+0800 [-]                      1.0
2018-03-20 11:16:19+0800 [-]                   ], 
2018-03-20 11:16:19+0800 [-]                   [
2018-03-20 11:16:19+0800 [-]                      "معروف", 
2018-03-20 11:16:19+0800 [-]                      0.471
2018-03-20 11:16:19+0800 [-]                   ]
2018-03-20 11:16:19+0800 [-]                ], 
2018-03-20 11:16:19+0800 [-]                "timestamps": [
2018-03-20 11:16:19+0800 [-]                   [
2018-03-20 11:16:19+0800 [-]                      "الرقم", 
2018-03-20 11:16:19+0800 [-]                      1.45, 
2018-03-20 11:16:19+0800 [-]                      1.88
2018-03-20 11:16:19+0800 [-]                   ], 
2018-03-20 11:16:19+0800 [-]                   [
2018-03-20 11:16:19+0800 [-]                      "غير", 
2018-03-20 11:16:19+0800 [-]                      1.88, 
2018-03-20 11:16:19+0800 [-]                      2.15
2018-03-20 11:16:19+0800 [-]                   ], 
2018-03-20 11:16:19+0800 [-]                   [
2018-03-20 11:16:19+0800 [-]                      "معروف", 
2018-03-20 11:16:19+0800 [-]                      2.15, 
2018-03-20 11:16:19+0800 [-]                      2.66
2018-03-20 11:16:19+0800 [-]                   ]
2018-03-20 11:16:19+0800 [-]                ]
2018-03-20 11:16:19+0800 [-]             }, 
2018-03-20 11:16:19+0800 [-]             {
2018-03-20 11:16:19+0800 [-]                "transcript": "الرقم غير معروفة "
2018-03-20 11:16:19+0800 [-]             }, 
2018-03-20 11:16:19+0800 [-]             {
2018-03-20 11:16:19+0800 [-]                "transcript": "رقم غير معروف "
2018-03-20 11:16:19+0800 [-]             }
2018-03-20 11:16:19+0800 [-]          ], 
2018-03-20 11:16:19+0800 [-]          "final": true
2018-03-20 11:16:19+0800 [-]       }
2018-03-20 11:16:19+0800 [-]    ], 
2018-03-20 11:16:19+0800 [-]    "result_index": 0
2018-03-20 11:16:19+0800 [-] }
2018-03-20 11:16:19+0800 [-] final hypothesis: "الرقم غير معروف "
2018-03-20 11:16:20+0800 [-] Text message received: {
2018-03-20 11:16:20+0800 [-]    "results": [
2018-03-20 11:16:20+0800 [-]       {
2018-03-20 11:16:20+0800 [-]          "alternatives": [
2018-03-20 11:16:20+0800 [-]             {
2018-03-20 11:16:20+0800 [-]                "timestamps": [
2018-03-20 11:16:20+0800 [-]                   [
2018-03-20 11:16:20+0800 [-]                      "مارك", 
2018-03-20 11:16:20+0800 [-]                      3.5, 
2018-03-20 11:16:20+0800 [-]                      3.84
2018-03-20 11:16:20+0800 [-]                   ]
2018-03-20 11:16:20+0800 [-]                ], 
2018-03-20 11:16:20+0800 [-]                "transcript": "مارك "
2018-03-20 11:16:20+0800 [-]             }
2018-03-20 11:16:20+0800 [-]          ], 
2018-03-20 11:16:20+0800 [-]          "final": false
2018-03-20 11:16:20+0800 [-]       }
2018-03-20 11:16:20+0800 [-]    ], 
2018-03-20 11:16:20+0800 [-]    "result_index": 1
2018-03-20 11:16:20+0800 [-] }
2018-03-20 11:16:20+0800 [-] interim hyp: "مارك "
2018-03-20 11:16:20+0800 [-] Text message received: {
2018-03-20 11:16:20+0800 [-]    "results": [
2018-03-20 11:16:20+0800 [-]       {
2018-03-20 11:16:20+0800 [-]          "alternatives": [
2018-03-20 11:16:20+0800 [-]             {
2018-03-20 11:16:20+0800 [-]                "timestamps": [
2018-03-20 11:16:20+0800 [-]                   [
2018-03-20 11:16:20+0800 [-]                      "ماركياني", 
2018-03-20 11:16:20+0800 [-]                      3.5, 
2018-03-20 11:16:20+0800 [-]                      4.08
2018-03-20 11:16:20+0800 [-]                   ]
2018-03-20 11:16:20+0800 [-]                ], 
2018-03-20 11:16:20+0800 [-]                "transcript": "ماركياني "
2018-03-20 11:16:20+0800 [-]             }
2018-03-20 11:16:20+0800 [-]          ], 
2018-03-20 11:16:20+0800 [-]          "final": false
2018-03-20 11:16:20+0800 [-]       }
2018-03-20 11:16:20+0800 [-]    ], 
2018-03-20 11:16:20+0800 [-]    "result_index": 1
2018-03-20 11:16:20+0800 [-] }
2018-03-20 11:16:20+0800 [-] interim hyp: "ماركياني "
2018-03-20 11:16:20+0800 [-] Text message received: {
2018-03-20 11:16:20+0800 [-]    "results": [
2018-03-20 11:16:20+0800 [-]       {
2018-03-20 11:16:20+0800 [-]          "alternatives": [
2018-03-20 11:16:20+0800 [-]             {
2018-03-20 11:16:20+0800 [-]                "timestamps": [
2018-03-20 11:16:20+0800 [-]                   [
2018-03-20 11:16:20+0800 [-]                      "لكننا", 
2018-03-20 11:16:20+0800 [-]                      3.68, 
2018-03-20 11:16:20+0800 [-]                      4.31
2018-03-20 11:16:20+0800 [-]                   ]
2018-03-20 11:16:20+0800 [-]                ], 
2018-03-20 11:16:20+0800 [-]                "transcript": "لكننا "
2018-03-20 11:16:20+0800 [-]             }
2018-03-20 11:16:20+0800 [-]          ], 
2018-03-20 11:16:20+0800 [-]          "final": false
2018-03-20 11:16:20+0800 [-]       }
2018-03-20 11:16:20+0800 [-]    ], 
2018-03-20 11:16:20+0800 [-]    "result_index": 1
2018-03-20 11:16:20+0800 [-] }
2018-03-20 11:16:20+0800 [-] interim hyp: "لكننا "
2018-03-20 11:16:20+0800 [-] Text message received: {
2018-03-20 11:16:20+0800 [-]    "results": [
2018-03-20 11:16:20+0800 [-]       {
2018-03-20 11:16:20+0800 [-]          "alternatives": [
2018-03-20 11:16:20+0800 [-]             {
2018-03-20 11:16:20+0800 [-]                "timestamps": [
2018-03-20 11:16:20+0800 [-]                   [
2018-03-20 11:16:20+0800 [-]                      "ماراكانا", 
2018-03-20 11:16:20+0800 [-]                      3.5, 
2018-03-20 11:16:20+0800 [-]                      4.15
2018-03-20 11:16:20+0800 [-]                   ], 
2018-03-20 11:16:20+0800 [-]                   [
2018-03-20 11:16:20+0800 [-]                      "نفسها", 
2018-03-20 11:16:20+0800 [-]                      4.15, 
2018-03-20 11:16:20+0800 [-]                      4.58
2018-03-20 11:16:20+0800 [-]                   ]
2018-03-20 11:16:20+0800 [-]                ], 
2018-03-20 11:16:20+0800 [-]                "transcript": "ماراكانا نفسها "
2018-03-20 11:16:20+0800 [-]             }
2018-03-20 11:16:20+0800 [-]          ], 
2018-03-20 11:16:20+0800 [-]          "final": false
2018-03-20 11:16:20+0800 [-]       }
2018-03-20 11:16:20+0800 [-]    ], 
2018-03-20 11:16:20+0800 [-]    "result_index": 1
2018-03-20 11:16:20+0800 [-] }
2018-03-20 11:16:20+0800 [-] interim hyp: "ماراكانا نفسها "
2018-03-20 11:16:20+0800 [-] Text message received: {
2018-03-20 11:16:20+0800 [-]    "results": [
2018-03-20 11:16:20+0800 [-]       {
2018-03-20 11:16:20+0800 [-]          "alternatives": [
2018-03-20 11:16:20+0800 [-]             {
2018-03-20 11:16:20+0800 [-]                "timestamps": [
2018-03-20 11:16:20+0800 [-]                   [
2018-03-20 11:16:20+0800 [-]                      "لكننا", 
2018-03-20 11:16:20+0800 [-]                      3.68, 
2018-03-20 11:16:20+0800 [-]                      4.28
2018-03-20 11:16:20+0800 [-]                   ], 
2018-03-20 11:16:20+0800 [-]                   [
2018-03-20 11:16:20+0800 [-]                      "لسنا", 
2018-03-20 11:16:20+0800 [-]                      4.28, 
2018-03-20 11:16:20+0800 [-]                      4.57
2018-03-20 11:16:20+0800 [-]                   ], 
2018-03-20 11:16:20+0800 [-]                   [
2018-03-20 11:16:20+0800 [-]                      "هواة", 
2018-03-20 11:16:20+0800 [-]                      4.57, 
2018-03-20 11:16:20+0800 [-]                      4.84
2018-03-20 11:16:20+0800 [-]                   ]
2018-03-20 11:16:20+0800 [-]                ], 
2018-03-20 11:16:20+0800 [-]                "transcript": "لكننا لسنا هواة "
2018-03-20 11:16:20+0800 [-]             }
2018-03-20 11:16:20+0800 [-]          ], 
2018-03-20 11:16:20+0800 [-]          "final": false
2018-03-20 11:16:20+0800 [-]       }
2018-03-20 11:16:20+0800 [-]    ], 
2018-03-20 11:16:20+0800 [-]    "result_index": 1
2018-03-20 11:16:20+0800 [-] }
2018-03-20 11:16:20+0800 [-] interim hyp: "لكننا لسنا هواة "
2018-03-20 11:16:20+0800 [-] Text message received: {
2018-03-20 11:16:20+0800 [-]    "results": [
2018-03-20 11:16:20+0800 [-]       {
2018-03-20 11:16:20+0800 [-]          "alternatives": [
2018-03-20 11:16:20+0800 [-]             {
2018-03-20 11:16:20+0800 [-]                "timestamps": [
2018-03-20 11:16:20+0800 [-]                   [
2018-03-20 11:16:20+0800 [-]                      "لكننا", 
2018-03-20 11:16:20+0800 [-]                      3.68, 
2018-03-20 11:16:20+0800 [-]                      4.28
2018-03-20 11:16:20+0800 [-]                   ], 
2018-03-20 11:16:20+0800 [-]                   [
2018-03-20 11:16:20+0800 [-]                      "لسنا", 
2018-03-20 11:16:20+0800 [-]                      4.28, 
2018-03-20 11:16:20+0800 [-]                      4.57
2018-03-20 11:16:20+0800 [-]                   ], 
2018-03-20 11:16:20+0800 [-]                   [
2018-03-20 11:16:20+0800 [-]                      "هواة", 
2018-03-20 11:16:20+0800 [-]                      4.57, 
2018-03-20 11:16:20+0800 [-]                      4.92
2018-03-20 11:16:20+0800 [-]                   ]
2018-03-20 11:16:20+0800 [-]                ], 
2018-03-20 11:16:20+0800 [-]                "transcript": "لكننا لسنا هواة "
2018-03-20 11:16:20+0800 [-]             }
2018-03-20 11:16:20+0800 [-]          ], 
2018-03-20 11:16:20+0800 [-]          "final": false
2018-03-20 11:16:20+0800 [-]       }
2018-03-20 11:16:20+0800 [-]    ], 
2018-03-20 11:16:20+0800 [-]    "result_index": 1
2018-03-20 11:16:20+0800 [-] }
2018-03-20 11:16:20+0800 [-] interim hyp: "لكننا لسنا هواة "
2018-03-20 11:16:21+0800 [-] Text message received: {
2018-03-20 11:16:21+0800 [-]    "results": [
2018-03-20 11:16:21+0800 [-]       {
2018-03-20 11:16:21+0800 [-]          "alternatives": [
2018-03-20 11:16:21+0800 [-]             {
2018-03-20 11:16:21+0800 [-]                "timestamps": [
2018-03-20 11:16:21+0800 [-]                   [
2018-03-20 11:16:21+0800 [-]                      "لكننا", 
2018-03-20 11:16:21+0800 [-]                      3.68, 
2018-03-20 11:16:21+0800 [-]                      4.28
2018-03-20 11:16:21+0800 [-]                   ], 
2018-03-20 11:16:21+0800 [-]                   [
2018-03-20 11:16:21+0800 [-]                      "لسنا", 
2018-03-20 11:16:21+0800 [-]                      4.28, 
2018-03-20 11:16:21+0800 [-]                      4.57
2018-03-20 11:16:21+0800 [-]                   ], 
2018-03-20 11:16:21+0800 [-]                   [
2018-03-20 11:16:21+0800 [-]                      "هواة", 
2018-03-20 11:16:21+0800 [-]                      4.57, 
2018-03-20 11:16:21+0800 [-]                      4.92
2018-03-20 11:16:21+0800 [-]                   ], 
2018-03-20 11:16:21+0800 [-]                   [
2018-03-20 11:16:21+0800 [-]                      "ضمن", 
2018-03-20 11:16:21+0800 [-]                      5.02, 
2018-03-20 11:16:21+0800 [-]                      5.34
2018-03-20 11:16:21+0800 [-]                   ]
2018-03-20 11:16:21+0800 [-]                ], 
2018-03-20 11:16:21+0800 [-]                "transcript": "لكننا لسنا هواة ضمن "
2018-03-20 11:16:21+0800 [-]             }
2018-03-20 11:16:21+0800 [-]          ], 
2018-03-20 11:16:21+0800 [-]          "final": false
2018-03-20 11:16:21+0800 [-]       }
2018-03-20 11:16:21+0800 [-]    ], 
2018-03-20 11:16:21+0800 [-]    "result_index": 1
2018-03-20 11:16:21+0800 [-] }
2018-03-20 11:16:21+0800 [-] interim hyp: "لكننا لسنا هواة ضمن "
2018-03-20 11:16:21+0800 [-] Text message received: {
2018-03-20 11:16:21+0800 [-]    "results": [
2018-03-20 11:16:21+0800 [-]       {
2018-03-20 11:16:21+0800 [-]          "alternatives": [
2018-03-20 11:16:21+0800 [-]             {
2018-03-20 11:16:21+0800 [-]                "timestamps": [
2018-03-20 11:16:21+0800 [-]                   [
2018-03-20 11:16:21+0800 [-]                      "لكننا", 
2018-03-20 11:16:21+0800 [-]                      3.68, 
2018-03-20 11:16:21+0800 [-]                      4.28
2018-03-20 11:16:21+0800 [-]                   ], 
2018-03-20 11:16:21+0800 [-]                   [
2018-03-20 11:16:21+0800 [-]                      "لسنا", 
2018-03-20 11:16:21+0800 [-]                      4.28, 
2018-03-20 11:16:21+0800 [-]                      4.57
2018-03-20 11:16:21+0800 [-]                   ], 
2018-03-20 11:16:21+0800 [-]                   [
2018-03-20 11:16:21+0800 [-]                      "هواة", 
2018-03-20 11:16:21+0800 [-]                      4.57, 
2018-03-20 11:16:21+0800 [-]                      4.92
2018-03-20 11:16:21+0800 [-]                   ], 
2018-03-20 11:16:21+0800 [-]                   [
2018-03-20 11:16:21+0800 [-]                      "ننبه", 
2018-03-20 11:16:21+0800 [-]                      5.01, 
2018-03-20 11:16:21+0800 [-]                      5.58
2018-03-20 11:16:21+0800 [-]                   ]
2018-03-20 11:16:21+0800 [-]                ], 
2018-03-20 11:16:21+0800 [-]                "transcript": "لكننا لسنا هواة ننبه "
2018-03-20 11:16:21+0800 [-]             }
2018-03-20 11:16:21+0800 [-]          ], 
2018-03-20 11:16:21+0800 [-]          "final": false
2018-03-20 11:16:21+0800 [-]       }
2018-03-20 11:16:21+0800 [-]    ], 
2018-03-20 11:16:21+0800 [-]    "result_index": 1
2018-03-20 11:16:21+0800 [-] }
2018-03-20 11:16:21+0800 [-] interim hyp: "لكننا لسنا هواة ننبه "
2018-03-20 11:16:21+0800 [-] Text message received: {
2018-03-20 11:16:21+0800 [-]    "results": [
2018-03-20 11:16:21+0800 [-]       {
2018-03-20 11:16:21+0800 [-]          "alternatives": [
2018-03-20 11:16:21+0800 [-]             {
2018-03-20 11:16:21+0800 [-]                "timestamps": [
2018-03-20 11:16:21+0800 [-]                   [
2018-03-20 11:16:21+0800 [-]                      "لكننا", 
2018-03-20 11:16:21+0800 [-]                      3.68, 
2018-03-20 11:16:21+0800 [-]                      4.28
2018-03-20 11:16:21+0800 [-]                   ], 
2018-03-20 11:16:21+0800 [-]                   [
2018-03-20 11:16:21+0800 [-]                      "لسنا", 
2018-03-20 11:16:21+0800 [-]                      4.28, 
2018-03-20 11:16:21+0800 [-]                      4.57
2018-03-20 11:16:21+0800 [-]                   ], 
2018-03-20 11:16:21+0800 [-]                   [
2018-03-20 11:16:21+0800 [-]                      "هواة", 
2018-03-20 11:16:21+0800 [-]                      4.57, 
2018-03-20 11:16:21+0800 [-]                      4.92
2018-03-20 11:16:21+0800 [-]                   ], 
2018-03-20 11:16:21+0800 [-]                   [
2018-03-20 11:16:21+0800 [-]                      "ننطيهم", 
2018-03-20 11:16:21+0800 [-]                      5.01, 
2018-03-20 11:16:21+0800 [-]                      5.84
2018-03-20 11:16:21+0800 [-]                   ]
2018-03-20 11:16:21+0800 [-]                ], 
2018-03-20 11:16:21+0800 [-]                "transcript": "لكننا لسنا هواة ننطيهم "
2018-03-20 11:16:21+0800 [-]             }
2018-03-20 11:16:21+0800 [-]          ], 
2018-03-20 11:16:21+0800 [-]          "final": false
2018-03-20 11:16:21+0800 [-]       }
2018-03-20 11:16:21+0800 [-]    ], 
2018-03-20 11:16:21+0800 [-]    "result_index": 1
2018-03-20 11:16:21+0800 [-] }
2018-03-20 11:16:21+0800 [-] interim hyp: "لكننا لسنا هواة ننطيهم "
2018-03-20 11:16:21+0800 [-] Text message received: {
2018-03-20 11:16:21+0800 [-]    "results": [
2018-03-20 11:16:21+0800 [-]       {
2018-03-20 11:16:21+0800 [-]          "alternatives": [
2018-03-20 11:16:21+0800 [-]             {
2018-03-20 11:16:21+0800 [-]                "timestamps": [
2018-03-20 11:16:21+0800 [-]                   [
2018-03-20 11:16:21+0800 [-]                      "لكننا", 
2018-03-20 11:16:21+0800 [-]                      3.68, 
2018-03-20 11:16:21+0800 [-]                      4.28
2018-03-20 11:16:21+0800 [-]                   ], 
2018-03-20 11:16:21+0800 [-]                   [
2018-03-20 11:16:21+0800 [-]                      "لسنا", 
2018-03-20 11:16:21+0800 [-]                      4.28, 
2018-03-20 11:16:21+0800 [-]                      4.57
2018-03-20 11:16:21+0800 [-]                   ], 
2018-03-20 11:16:21+0800 [-]                   [
2018-03-20 11:16:21+0800 [-]                      "هواة", 
2018-03-20 11:16:21+0800 [-]                      4.57, 
2018-03-20 11:16:21+0800 [-]                      4.92
2018-03-20 11:16:21+0800 [-]                   ], 
2018-03-20 11:16:21+0800 [-]                   [
2018-03-20 11:16:21+0800 [-]                      "ننطيها", 
2018-03-20 11:16:21+0800 [-]                      5.01, 
2018-03-20 11:16:21+0800 [-]                      5.74
2018-03-20 11:16:21+0800 [-]                   ], 
2018-03-20 11:16:21+0800 [-]                   [
2018-03-20 11:16:21+0800 [-]                      "الدار", 
2018-03-20 11:16:21+0800 [-]                      5.74, 
2018-03-20 11:16:21+0800 [-]                      6.08
2018-03-20 11:16:21+0800 [-]                   ]
2018-03-20 11:16:21+0800 [-]                ], 
2018-03-20 11:16:21+0800 [-]                "transcript": "لكننا لسنا هواة ننطيها الدار "
2018-03-20 11:16:21+0800 [-]             }
2018-03-20 11:16:21+0800 [-]          ], 
2018-03-20 11:16:21+0800 [-]          "final": false
2018-03-20 11:16:21+0800 [-]       }
2018-03-20 11:16:21+0800 [-]    ], 
2018-03-20 11:16:21+0800 [-]    "result_index": 1
2018-03-20 11:16:21+0800 [-] }
2018-03-20 11:16:21+0800 [-] interim hyp: "لكننا لسنا هواة ننطيها الدار "
2018-03-20 11:16:21+0800 [-] Text message received: {
2018-03-20 11:16:21+0800 [-]    "results": [
2018-03-20 11:16:21+0800 [-]       {
2018-03-20 11:16:21+0800 [-]          "alternatives": [
2018-03-20 11:16:21+0800 [-]             {
2018-03-20 11:16:21+0800 [-]                "timestamps": [
2018-03-20 11:16:21+0800 [-]                   [
2018-03-20 11:16:21+0800 [-]                      "لكننا", 
2018-03-20 11:16:21+0800 [-]                      3.68, 
2018-03-20 11:16:21+0800 [-]                      4.28
2018-03-20 11:16:21+0800 [-]                   ], 
2018-03-20 11:16:21+0800 [-]                   [
2018-03-20 11:16:21+0800 [-]                      "لسنا", 
2018-03-20 11:16:21+0800 [-]                      4.28, 
2018-03-20 11:16:21+0800 [-]                      4.57
2018-03-20 11:16:21+0800 [-]                   ], 
2018-03-20 11:16:21+0800 [-]                   [
2018-03-20 11:16:21+0800 [-]                      "هواة", 
2018-03-20 11:16:21+0800 [-]                      4.57, 
2018-03-20 11:16:21+0800 [-]                      4.92
2018-03-20 11:16:21+0800 [-]                   ], 
2018-03-20 11:16:21+0800 [-]                   [
2018-03-20 11:16:21+0800 [-]                      "ننطيها", 
2018-03-20 11:16:21+0800 [-]                      5.01, 
2018-03-20 11:16:21+0800 [-]                      5.74
2018-03-20 11:16:21+0800 [-]                   ], 
2018-03-20 11:16:21+0800 [-]                   [
2018-03-20 11:16:21+0800 [-]                      "الدايود", 
2018-03-20 11:16:21+0800 [-]                      5.74, 
2018-03-20 11:16:21+0800 [-]                      6.34
2018-03-20 11:16:21+0800 [-]                   ]
2018-03-20 11:16:21+0800 [-]                ], 
2018-03-20 11:16:21+0800 [-]                "transcript": "لكننا لسنا هواة ننطيها الدايود "
2018-03-20 11:16:21+0800 [-]             }
2018-03-20 11:16:21+0800 [-]          ], 
2018-03-20 11:16:21+0800 [-]          "final": false
2018-03-20 11:16:21+0800 [-]       }
2018-03-20 11:16:21+0800 [-]    ], 
2018-03-20 11:16:21+0800 [-]    "result_index": 1
2018-03-20 11:16:21+0800 [-] }
2018-03-20 11:16:21+0800 [-] interim hyp: "لكننا لسنا هواة ننطيها الدايود "
2018-03-20 11:16:22+0800 [-] Text message received: {
2018-03-20 11:16:22+0800 [-]    "results": [
2018-03-20 11:16:22+0800 [-]       {
2018-03-20 11:16:22+0800 [-]          "alternatives": [
2018-03-20 11:16:22+0800 [-]             {
2018-03-20 11:16:22+0800 [-]                "timestamps": [
2018-03-20 11:16:22+0800 [-]                   [
2018-03-20 11:16:22+0800 [-]                      "لكننا", 
2018-03-20 11:16:22+0800 [-]                      3.68, 
2018-03-20 11:16:22+0800 [-]                      4.28
2018-03-20 11:16:22+0800 [-]                   ], 
2018-03-20 11:16:22+0800 [-]                   [
2018-03-20 11:16:22+0800 [-]                      "لسنا", 
2018-03-20 11:16:22+0800 [-]                      4.28, 
2018-03-20 11:16:22+0800 [-]                      4.57
2018-03-20 11:16:22+0800 [-]                   ], 
2018-03-20 11:16:22+0800 [-]                   [
2018-03-20 11:16:22+0800 [-]                      "هواة", 
2018-03-20 11:16:22+0800 [-]                      4.57, 
2018-03-20 11:16:22+0800 [-]                      4.92
2018-03-20 11:16:22+0800 [-]                   ], 
2018-03-20 11:16:22+0800 [-]                   [
2018-03-20 11:16:22+0800 [-]                      "ننطيها", 
2018-03-20 11:16:22+0800 [-]                      5.01, 
2018-03-20 11:16:22+0800 [-]                      5.77
2018-03-20 11:16:22+0800 [-]                   ], 
2018-03-20 11:16:22+0800 [-]                   [
2018-03-20 11:16:22+0800 [-]                      "بداية", 
2018-03-20 11:16:22+0800 [-]                      5.77, 
2018-03-20 11:16:22+0800 [-]                      6.17
2018-03-20 11:16:22+0800 [-]                   ], 
2018-03-20 11:16:22+0800 [-]                   [
2018-03-20 11:16:22+0800 [-]                      "وضيفنا", 
2018-03-20 11:16:22+0800 [-]                      6.17, 
2018-03-20 11:16:22+0800 [-]                      6.58
2018-03-20 11:16:22+0800 [-]                   ]
2018-03-20 11:16:22+0800 [-]                ], 
2018-03-20 11:16:22+0800 [-]                "transcript": "لكننا لسنا هواة ننطيها بداية وضيفنا "
2018-03-20 11:16:22+0800 [-]             }
2018-03-20 11:16:22+0800 [-]          ], 
2018-03-20 11:16:22+0800 [-]          "final": false
2018-03-20 11:16:22+0800 [-]       }
2018-03-20 11:16:22+0800 [-]    ], 
2018-03-20 11:16:22+0800 [-]    "result_index": 1
2018-03-20 11:16:22+0800 [-] }
2018-03-20 11:16:22+0800 [-] interim hyp: "لكننا لسنا هواة ننطيها بداية وضيفنا "
2018-03-20 11:16:22+0800 [-] Text message received: {
2018-03-20 11:16:22+0800 [-]    "results": [
2018-03-20 11:16:22+0800 [-]       {
2018-03-20 11:16:22+0800 [-]          "alternatives": [
2018-03-20 11:16:22+0800 [-]             {
2018-03-20 11:16:22+0800 [-]                "timestamps": [
2018-03-20 11:16:22+0800 [-]                   [
2018-03-20 11:16:22+0800 [-]                      "لكننا", 
2018-03-20 11:16:22+0800 [-]                      3.68, 
2018-03-20 11:16:22+0800 [-]                      4.28
2018-03-20 11:16:22+0800 [-]                   ], 
2018-03-20 11:16:22+0800 [-]                   [
2018-03-20 11:16:22+0800 [-]                      "لسنا", 
2018-03-20 11:16:22+0800 [-]                      4.28, 
2018-03-20 11:16:22+0800 [-]                      4.57
2018-03-20 11:16:22+0800 [-]                   ], 
2018-03-20 11:16:22+0800 [-]                   [
2018-03-20 11:16:22+0800 [-]                      "هواة", 
2018-03-20 11:16:22+0800 [-]                      4.57, 
2018-03-20 11:16:22+0800 [-]                      4.92
2018-03-20 11:16:22+0800 [-]                   ], 
2018-03-20 11:16:22+0800 [-]                   [
2018-03-20 11:16:22+0800 [-]                      "ننطيها", 
2018-03-20 11:16:22+0800 [-]                      5.01, 
2018-03-20 11:16:22+0800 [-]                      5.77
2018-03-20 11:16:22+0800 [-]                   ], 
2018-03-20 11:16:22+0800 [-]                   [
2018-03-20 11:16:22+0800 [-]                      "بداية", 
2018-03-20 11:16:22+0800 [-]                      5.77, 
2018-03-20 11:16:22+0800 [-]                      6.17
2018-03-20 11:16:22+0800 [-]                   ], 
2018-03-20 11:16:22+0800 [-]                   [
2018-03-20 11:16:22+0800 [-]                      "وضيفنا", 
2018-03-20 11:16:22+0800 [-]                      6.17, 
2018-03-20 11:16:22+0800 [-]                      6.57
2018-03-20 11:16:22+0800 [-]                   ]
2018-03-20 11:16:22+0800 [-]                ], 
2018-03-20 11:16:22+0800 [-]                "transcript": "لكننا لسنا هواة ننطيها بداية وضيفنا "
2018-03-20 11:16:22+0800 [-]             }
2018-03-20 11:16:22+0800 [-]          ], 
2018-03-20 11:16:22+0800 [-]          "final": false
2018-03-20 11:16:22+0800 [-]       }
2018-03-20 11:16:22+0800 [-]    ], 
2018-03-20 11:16:22+0800 [-]    "result_index": 1
2018-03-20 11:16:22+0800 [-] }
2018-03-20 11:16:22+0800 [-] interim hyp: "لكننا لسنا هواة ننطيها بداية وضيفنا "
2018-03-20 11:16:23+0800 [-] Text message received: {
2018-03-20 11:16:23+0800 [-]    "results": [
2018-03-20 11:16:23+0800 [-]       {
2018-03-20 11:16:23+0800 [-]          "alternatives": [
2018-03-20 11:16:23+0800 [-]             {
2018-03-20 11:16:23+0800 [-]                "transcript": "لكننا لسنا هواة ننطيها بداية وضيفنا وتصان ", 
2018-03-20 11:16:23+0800 [-]                "confidence": 0.371, 
2018-03-20 11:16:23+0800 [-]                "word_confidence": [
2018-03-20 11:16:23+0800 [-]                   [
2018-03-20 11:16:23+0800 [-]                      "لكننا", 
2018-03-20 11:16:23+0800 [-]                      0.214
2018-03-20 11:16:23+0800 [-]                   ], 
2018-03-20 11:16:23+0800 [-]                   [
2018-03-20 11:16:23+0800 [-]                      "لسنا", 
2018-03-20 11:16:23+0800 [-]                      0.226
2018-03-20 11:16:23+0800 [-]                   ], 
2018-03-20 11:16:23+0800 [-]                   [
2018-03-20 11:16:23+0800 [-]                      "هواة", 
2018-03-20 11:16:23+0800 [-]                      0.38
2018-03-20 11:16:23+0800 [-]                   ], 
2018-03-20 11:16:23+0800 [-]                   [
2018-03-20 11:16:23+0800 [-]                      "ننطيها", 
2018-03-20 11:16:23+0800 [-]                      0.461
2018-03-20 11:16:23+0800 [-]                   ], 
2018-03-20 11:16:23+0800 [-]                   [
2018-03-20 11:16:23+0800 [-]                      "بداية", 
2018-03-20 11:16:23+0800 [-]                      0.348
2018-03-20 11:16:23+0800 [-]                   ], 
2018-03-20 11:16:23+0800 [-]                   [
2018-03-20 11:16:23+0800 [-]                      "وضيفنا", 
2018-03-20 11:16:23+0800 [-]                      0.766
2018-03-20 11:16:23+0800 [-]                   ], 
2018-03-20 11:16:23+0800 [-]                   [
2018-03-20 11:16:23+0800 [-]                      "وتصان", 
2018-03-20 11:16:23+0800 [-]                      0.222
2018-03-20 11:16:23+0800 [-]                   ]
2018-03-20 11:16:23+0800 [-]                ], 
2018-03-20 11:16:23+0800 [-]                "timestamps": [
2018-03-20 11:16:23+0800 [-]                   [
2018-03-20 11:16:23+0800 [-]                      "لكننا", 
2018-03-20 11:16:23+0800 [-]                      3.68, 
2018-03-20 11:16:23+0800 [-]                      4.28
2018-03-20 11:16:23+0800 [-]                   ], 
2018-03-20 11:16:23+0800 [-]                   [
2018-03-20 11:16:23+0800 [-]                      "لسنا", 
2018-03-20 11:16:23+0800 [-]                      4.28, 
2018-03-20 11:16:23+0800 [-]                      4.57
2018-03-20 11:16:23+0800 [-]                   ], 
2018-03-20 11:16:23+0800 [-]                   [
2018-03-20 11:16:23+0800 [-]                      "هواة", 
2018-03-20 11:16:23+0800 [-]                      4.57, 
2018-03-20 11:16:23+0800 [-]                      4.92
2018-03-20 11:16:23+0800 [-]                   ], 
2018-03-20 11:16:23+0800 [-]                   [
2018-03-20 11:16:23+0800 [-]                      "ننطيها", 
2018-03-20 11:16:23+0800 [-]                      5.01, 
2018-03-20 11:16:23+0800 [-]                      5.77
2018-03-20 11:16:23+0800 [-]                   ], 
2018-03-20 11:16:23+0800 [-]                   [
2018-03-20 11:16:23+0800 [-]                      "بداية", 
2018-03-20 11:16:23+0800 [-]                      5.77, 
2018-03-20 11:16:23+0800 [-]                      6.17
2018-03-20 11:16:23+0800 [-]                   ], 
2018-03-20 11:16:23+0800 [-]                   [
2018-03-20 11:16:23+0800 [-]                      "وضيفنا", 
2018-03-20 11:16:23+0800 [-]                      6.17, 
2018-03-20 11:16:23+0800 [-]                      6.55
2018-03-20 11:16:23+0800 [-]                   ], 
2018-03-20 11:16:23+0800 [-]                   [
2018-03-20 11:16:23+0800 [-]                      "وتصان", 
2018-03-20 11:16:23+0800 [-]                      6.55, 
2018-03-20 11:16:23+0800 [-]                      7.07
2018-03-20 11:16:23+0800 [-]                   ]
2018-03-20 11:16:23+0800 [-]                ]
2018-03-20 11:16:23+0800 [-]             }, 
2018-03-20 11:16:23+0800 [-]             {
2018-03-20 11:16:23+0800 [-]                "transcript": "لكننا لسنا هواة ننطيها بداية وضيفنا تصان "
2018-03-20 11:16:23+0800 [-]             }, 
2018-03-20 11:16:23+0800 [-]             {
2018-03-20 11:16:23+0800 [-]                "transcript": "لكننا لسنا هواة ننطيها الدعاية وضيفنا وتصان "
2018-03-20 11:16:23+0800 [-]             }
2018-03-20 11:16:23+0800 [-]          ], 
2018-03-20 11:16:23+0800 [-]          "final": true
2018-03-20 11:16:23+0800 [-]       }
2018-03-20 11:16:23+0800 [-]    ], 
2018-03-20 11:16:23+0800 [-]    "result_index": 1
2018-03-20 11:16:23+0800 [-] }
2018-03-20 11:16:23+0800 [-] final hypothesis: "لكننا لسنا هواة ننطيها بداية وضيفنا وتصان "
2018-03-20 11:16:23+0800 [-] Text message received: {
2018-03-20 11:16:23+0800 [-]    "state": "listening"
2018-03-20 11:16:23+0800 [-] }
2018-03-20 11:16:23+0800 [-] sending close 1000
2018-03-20 11:16:23+0800 [-] onClose
2018-03-20 11:16:23+0800 [-] WebSocket connection closed: None, code: 1000, clean: True, reason: None
2018-03-20 11:16:23+0800 [-] getUtterance: no more utterances to process, queue is empty!
2018-03-20 11:16:23+0800 [-] Stopping factory <__main__.WSInterfaceFactory object at 0x7fd7f62c8790>
2018-03-20 11:16:23+0800 [-] about to stop the reactor!
2018-03-20 11:16:24+0800 [-] Main loop terminated.
2018-03-20 11:16:24+0800 [-] <type 'unicode'>
2018-03-20 11:16:24+0800 [-] encode utf8 faild....
2018-03-20 11:16:24+0800 [-] 'ascii' codec can't encode characters in position 0-4: ordinal not in range(128)
2018-03-20 11:16:24+0800 [-] الرقم غير معروف ,لكننا لسنا هواة ننطيها بداية وضيفنا وتصان 
